#-----------------------------------------------------------
# Vivado v2018.3 (64-bit)
# SW Build 2405991 on Thu Dec  6 23:38:27 MST 2018
# IP Build 2404404 on Fri Dec  7 01:43:56 MST 2018
# Start of session at: Thu Nov 11 14:10:06 2021
# Process ID: 10788
# Current directory: C:/Users/Simone Ragoni/alice/InteractionRecord/IR
# Command line: vivado.exe -gui_launcher_event rodinguilauncherevent10680 C:\Users\Simone Ragoni\alice\InteractionRecord\IR\IR.xpr
# Log file: C:/Users/Simone Ragoni/alice/InteractionRecord/IR/vivado.log
# Journal file: C:/Users/Simone Ragoni/alice/InteractionRecord/IR\vivado.jou
#-----------------------------------------------------------
start_gui
open_project {C:/Users/Simone Ragoni/alice/InteractionRecord/IR/IR.xpr}
Scanning sources...
Finished scanning sources
INFO: [IP_Flow 19-234] Refreshing IP repositories
INFO: [IP_Flow 19-1704] No user IP repositories specified
INFO: [IP_Flow 19-2313] Loaded Vivado IP repository 'C:/Xilinx/Vivado/2018.3/data/ip'.
open_project: Time (s): cpu = 00:00:12 ; elapsed = 00:00:07 . Memory (MB): peak = 750.191 ; gain = 148.965
update_compile_order -fileset sources_1
convert_ips [get_files  {{C:/Users/Simone Ragoni/alice/InteractionRecord/IR/IR.srcs/sources_1/ip/ir_fifo/ir_fifo.xci}}]
INFO: [filemgmt 56-106] Converting IP 'ir_fifo' into core container format.
INFO: [filemgmt 56-101] Creating core container 'C:/Users/Simone Ragoni/alice/InteractionRecord/IR/IR.srcs/sources_1/ip/ir_fifo.xcix' for IP 'ir_fifo'
export_ip_user_files -of_objects  [get_files  {{C:/Users/Simone Ragoni/alice/InteractionRecord/IR/IR.srcs/sources_1/ip/ir_fifo/ir_fifo.xci}}] -sync -lib_map_path [list {modelsim=C:/Users/Simone Ragoni/alice/InteractionRecord/IR/IR.cache/compile_simlib/modelsim} {questa=C:/Users/Simone Ragoni/questalib_106c} {riviera=C:/Users/Simone Ragoni/alice/InteractionRecord/IR/IR.cache/compile_simlib/riviera} {activehdl=C:/Users/Simone Ragoni/alice/InteractionRecord/IR/IR.cache/compile_simlib/activehdl}] -force -quiet
set_property coreContainer.enable 1 [current_project]
exit
INFO: [Common 17-206] Exiting Vivado at Wed Nov 17 10:51:30 2021...
