
*** Running vivado
    with args -log top_ir_statemachine.vds -m64 -product Vivado -mode batch -messageDb vivado.pb -notrace -source top_ir_statemachine.tcl


****** Vivado v2018.3 (64-bit)
  **** SW Build 2405991 on Thu Dec  6 23:38:27 MST 2018
  **** IP Build 2404404 on Fri Dec  7 01:43:56 MST 2018
    ** Copyright 1986-2018 Xilinx, Inc. All Rights Reserved.

source top_ir_statemachine.tcl -notrace
Command: synth_design -top top_ir_statemachine -part xcku060-ffva1156-2-e
Starting synth_design
Attempting to get a license for feature 'Synthesis' and/or device 'xcku060'
INFO: [Common 17-349] Got license for feature 'Synthesis' and/or device 'xcku060'
INFO: [Common 17-1540] The version limit for your license is '2020.04' and has expired for new software. A version limit expiration means that, although you may be able to continue to use the current version of tools or IP with this license, you will not be eligible for any updates or new releases.
INFO: Launching helper process for spawning children vivado processes
INFO: Helper process launched with PID 7884 
---------------------------------------------------------------------------------
Starting RTL Elaboration : Time (s): cpu = 00:00:03 ; elapsed = 00:00:02 . Memory (MB): peak = 469.168 ; gain = 96.813
---------------------------------------------------------------------------------
INFO: [Synth 8-638] synthesizing module 'top_ir_statemachine' [C:/Users/Simone Ragoni/alice/InteractionRecord/InteractionRecord/IR.srcs/sources_1/new/top_ir_statemachine.vhd:89]
	Parameter g_NUM_BITS_ON_GBT_WORD bound to: 60 - type: integer 
INFO: [Synth 8-3491] module 'prsg_tcr' declared at 'C:/Users/Simone Ragoni/alice/WholeCTPfromGitLab/common_logic/RTL/Trigger_class_record/prsg_tcr.vhd:7' bound to instance 'rnd_data' of component 'prsg_tcr' [C:/Users/Simone Ragoni/alice/InteractionRecord/InteractionRecord/IR.srcs/sources_1/new/top_ir_statemachine.vhd:251]
INFO: [Synth 8-638] synthesizing module 'prsg_tcr' [C:/Users/Simone Ragoni/alice/WholeCTPfromGitLab/common_logic/RTL/Trigger_class_record/prsg_tcr.vhd:17]
WARNING: [Synth 8-6014] Unused sequential element temp_reg was removed.  [C:/Users/Simone Ragoni/alice/WholeCTPfromGitLab/common_logic/RTL/Trigger_class_record/prsg_tcr.vhd:39]
WARNING: [Synth 8-6014] Unused sequential element threshold_value_reg was removed.  [C:/Users/Simone Ragoni/alice/WholeCTPfromGitLab/common_logic/RTL/Trigger_class_record/prsg_tcr.vhd:43]
WARNING: [Synth 8-6014] Unused sequential element output_value_reg was removed.  [C:/Users/Simone Ragoni/alice/WholeCTPfromGitLab/common_logic/RTL/Trigger_class_record/prsg_tcr.vhd:44]
WARNING: [Synth 8-6014] Unused sequential element counter_reg was removed.  [C:/Users/Simone Ragoni/alice/WholeCTPfromGitLab/common_logic/RTL/Trigger_class_record/prsg_tcr.vhd:36]
INFO: [Synth 8-256] done synthesizing module 'prsg_tcr' (1#1) [C:/Users/Simone Ragoni/alice/WholeCTPfromGitLab/common_logic/RTL/Trigger_class_record/prsg_tcr.vhd:17]
	Parameter bits_to_get bound to: 60 - type: integer 
INFO: [Synth 8-3491] module 'packer_ir2' declared at 'C:/Users/Simone Ragoni/alice/InteractionRecord/InteractionRecord/IR.srcs/sources_1/new/packer_ir2.vhd:37' bound to instance 'input_data_packer' of component 'packer_ir2' [C:/Users/Simone Ragoni/alice/InteractionRecord/InteractionRecord/IR.srcs/sources_1/new/top_ir_statemachine.vhd:299]
INFO: [Synth 8-638] synthesizing module 'packer_ir2' [C:/Users/Simone Ragoni/alice/InteractionRecord/InteractionRecord/IR.srcs/sources_1/new/packer_ir2.vhd:54]
	Parameter bits_to_get bound to: 60 - type: integer 
WARNING: [Synth 8-6014] Unused sequential element store_count_reg was removed.  [C:/Users/Simone Ragoni/alice/InteractionRecord/InteractionRecord/IR.srcs/sources_1/new/packer_ir2.vhd:78]
WARNING: [Synth 8-6014] Unused sequential element write_flag_reg was removed.  [C:/Users/Simone Ragoni/alice/InteractionRecord/InteractionRecord/IR.srcs/sources_1/new/packer_ir2.vhd:79]
WARNING: [Synth 8-6014] Unused sequential element new_store_count_reg was removed.  [C:/Users/Simone Ragoni/alice/InteractionRecord/InteractionRecord/IR.srcs/sources_1/new/packer_ir2.vhd:85]
INFO: [Synth 8-256] done synthesizing module 'packer_ir2' (2#1) [C:/Users/Simone Ragoni/alice/InteractionRecord/InteractionRecord/IR.srcs/sources_1/new/packer_ir2.vhd:54]
INFO: [Synth 8-3491] module 'ir_fifo' declared at 'C:/Users/Simone Ragoni/alice/InteractionRecord/InteractionRecord/IR.runs/synth_1/.Xil/Vivado-13416-DESKTOP-T9I20SI/realtime/ir_fifo_stub.v:6' bound to instance 'ir_fifo_inst' of component 'ir_fifo' [C:/Users/Simone Ragoni/alice/InteractionRecord/InteractionRecord/IR.srcs/sources_1/new/top_ir_statemachine.vhd:323]
INFO: [Synth 8-6157] synthesizing module 'ir_fifo' [C:/Users/Simone Ragoni/alice/InteractionRecord/InteractionRecord/IR.runs/synth_1/.Xil/Vivado-13416-DESKTOP-T9I20SI/realtime/ir_fifo_stub.v:6]
INFO: [Synth 8-6155] done synthesizing module 'ir_fifo' (3#1) [C:/Users/Simone Ragoni/alice/InteractionRecord/InteractionRecord/IR.runs/synth_1/.Xil/Vivado-13416-DESKTOP-T9I20SI/realtime/ir_fifo_stub.v:6]
INFO: [Synth 8-3491] module 'buffer_fifo' declared at 'C:/Users/Simone Ragoni/alice/CtpReadout/ctp_readout2/ctp_readout2.srcs/sources_1/new/buffer_fifo.vhd:37' bound to instance 'fifo_data_sync_with_valid_data' of component 'buffer_fifo' [C:/Users/Simone Ragoni/alice/InteractionRecord/InteractionRecord/IR.srcs/sources_1/new/top_ir_statemachine.vhd:343]
INFO: [Synth 8-638] synthesizing module 'buffer_fifo' [C:/Users/Simone Ragoni/alice/CtpReadout/ctp_readout2/ctp_readout2.srcs/sources_1/new/buffer_fifo.vhd:49]
WARNING: [Synth 8-6014] Unused sequential element store_count_reg was removed.  [C:/Users/Simone Ragoni/alice/CtpReadout/ctp_readout2/ctp_readout2.srcs/sources_1/new/buffer_fifo.vhd:70]
INFO: [Synth 8-256] done synthesizing module 'buffer_fifo' (4#1) [C:/Users/Simone Ragoni/alice/CtpReadout/ctp_readout2/ctp_readout2.srcs/sources_1/new/buffer_fifo.vhd:49]
INFO: [Synth 8-3491] module 'ir_statemachine' declared at 'C:/Users/Simone Ragoni/alice/InteractionRecord/InteractionRecord/IR.srcs/sources_1/new/ir_statemachine.vhd:18' bound to instance 'ir_state_machine' of component 'ir_statemachine' [C:/Users/Simone Ragoni/alice/InteractionRecord/InteractionRecord/IR.srcs/sources_1/new/top_ir_statemachine.vhd:384]
INFO: [Synth 8-638] synthesizing module 'ir_statemachine' [C:/Users/Simone Ragoni/alice/InteractionRecord/InteractionRecord/IR.srcs/sources_1/new/ir_statemachine.vhd:70]
WARNING: [Synth 8-614] signal 'helper_stopbit' is read in the process but is not in the sensitivity list [C:/Users/Simone Ragoni/alice/InteractionRecord/InteractionRecord/IR.srcs/sources_1/new/ir_statemachine.vhd:423]
WARNING: [Synth 8-614] signal 'helper_data_eop' is read in the process but is not in the sensitivity list [C:/Users/Simone Ragoni/alice/InteractionRecord/InteractionRecord/IR.srcs/sources_1/new/ir_statemachine.vhd:423]
WARNING: [Synth 8-614] signal 's_previoustate' is read in the process but is not in the sensitivity list [C:/Users/Simone Ragoni/alice/InteractionRecord/InteractionRecord/IR.srcs/sources_1/new/ir_statemachine.vhd:423]
WARNING: [Synth 8-614] signal 'clk_en_i' is read in the process but is not in the sensitivity list [C:/Users/Simone Ragoni/alice/InteractionRecord/InteractionRecord/IR.srcs/sources_1/new/ir_statemachine.vhd:841]
WARNING: [Synth 8-6014] Unused sequential element trgmaskedpre_reg was removed.  [C:/Users/Simone Ragoni/alice/InteractionRecord/InteractionRecord/IR.srcs/sources_1/new/ir_statemachine.vhd:324]
WARNING: [Synth 8-6014] Unused sequential element trgmaskedorpre_reg was removed.  [C:/Users/Simone Ragoni/alice/InteractionRecord/InteractionRecord/IR.srcs/sources_1/new/ir_statemachine.vhd:330]
WARNING: [Synth 8-6014] Unused sequential element TTVALID_reg was removed.  [C:/Users/Simone Ragoni/alice/InteractionRecord/InteractionRecord/IR.srcs/sources_1/new/ir_statemachine.vhd:343]
WARNING: [Synth 8-6014] Unused sequential element s_trgd_reg was removed.  [C:/Users/Simone Ragoni/alice/InteractionRecord/InteractionRecord/IR.srcs/sources_1/new/ir_statemachine.vhd:358]
WARNING: [Synth 8-6014] Unused sequential element u_page_cnt_reg was removed.  [C:/Users/Simone Ragoni/alice/InteractionRecord/InteractionRecord/IR.srcs/sources_1/new/ir_statemachine.vhd:749]
WARNING: [Synth 8-6014] Unused sequential element s_last_ttype_reg was removed.  [C:/Users/Simone Ragoni/alice/InteractionRecord/InteractionRecord/IR.srcs/sources_1/new/ir_statemachine.vhd:805]
WARNING: [Synth 8-6014] Unused sequential element s_last_orbit_reg was removed.  [C:/Users/Simone Ragoni/alice/InteractionRecord/InteractionRecord/IR.srcs/sources_1/new/ir_statemachine.vhd:806]
WARNING: [Synth 8-6014] Unused sequential element s_last_bc_reg was removed.  [C:/Users/Simone Ragoni/alice/InteractionRecord/InteractionRecord/IR.srcs/sources_1/new/ir_statemachine.vhd:807]
WARNING: [Synth 8-6014] Unused sequential element s_hborbit_reg was removed.  [C:/Users/Simone Ragoni/alice/InteractionRecord/InteractionRecord/IR.srcs/sources_1/new/ir_statemachine.vhd:813]
WARNING: [Synth 8-6014] Unused sequential element s_hbbc_reg was removed.  [C:/Users/Simone Ragoni/alice/InteractionRecord/InteractionRecord/IR.srcs/sources_1/new/ir_statemachine.vhd:814]
WARNING: [Synth 8-6014] Unused sequential element s_last_trgorbit_reg was removed.  [C:/Users/Simone Ragoni/alice/InteractionRecord/InteractionRecord/IR.srcs/sources_1/new/ir_statemachine.vhd:827]
WARNING: [Synth 8-6014] Unused sequential element s_last_trgbc_reg was removed.  [C:/Users/Simone Ragoni/alice/InteractionRecord/InteractionRecord/IR.srcs/sources_1/new/ir_statemachine.vhd:828]
WARNING: [Synth 8-6014] Unused sequential element help_vector_reg was removed.  [C:/Users/Simone Ragoni/alice/InteractionRecord/InteractionRecord/IR.srcs/sources_1/new/ir_statemachine.vhd:884]
WARNING: [Synth 8-3848] Net i_ev_size in module/entity ir_statemachine does not have driver. [C:/Users/Simone Ragoni/alice/InteractionRecord/InteractionRecord/IR.srcs/sources_1/new/ir_statemachine.vhd:101]
INFO: [Synth 8-256] done synthesizing module 'ir_statemachine' (5#1) [C:/Users/Simone Ragoni/alice/InteractionRecord/InteractionRecord/IR.srcs/sources_1/new/ir_statemachine.vhd:70]
WARNING: [Synth 8-6014] Unused sequential element count_reg was removed.  [C:/Users/Simone Ragoni/alice/InteractionRecord/InteractionRecord/IR.srcs/sources_1/new/top_ir_statemachine.vhd:264]
INFO: [Synth 8-256] done synthesizing module 'top_ir_statemachine' (6#1) [C:/Users/Simone Ragoni/alice/InteractionRecord/InteractionRecord/IR.srcs/sources_1/new/top_ir_statemachine.vhd:89]
WARNING: [Synth 8-3331] design ir_statemachine has unconnected port trg_i[118]
WARNING: [Synth 8-3331] design ir_statemachine has unconnected port trg_i[117]
WARNING: [Synth 8-3331] design ir_statemachine has unconnected port trg_i[116]
WARNING: [Synth 8-3331] design ir_statemachine has unconnected port trg_i[115]
WARNING: [Synth 8-3331] design ir_statemachine has unconnected port trg_i[114]
WARNING: [Synth 8-3331] design ir_statemachine has unconnected port trg_i[113]
WARNING: [Synth 8-3331] design ir_statemachine has unconnected port trg_i[112]
WARNING: [Synth 8-3331] design ir_statemachine has unconnected port trg_i[111]
WARNING: [Synth 8-3331] design ir_statemachine has unconnected port trg_i[110]
WARNING: [Synth 8-3331] design ir_statemachine has unconnected port trg_i[109]
WARNING: [Synth 8-3331] design ir_statemachine has unconnected port trg_i[108]
WARNING: [Synth 8-3331] design ir_statemachine has unconnected port trg_i[107]
WARNING: [Synth 8-3331] design ir_statemachine has unconnected port trg_i[106]
WARNING: [Synth 8-3331] design ir_statemachine has unconnected port trg_i[105]
WARNING: [Synth 8-3331] design ir_statemachine has unconnected port trg_i[104]
WARNING: [Synth 8-3331] design ir_statemachine has unconnected port trg_i[103]
WARNING: [Synth 8-3331] design ir_statemachine has unconnected port trg_i[102]
WARNING: [Synth 8-3331] design ir_statemachine has unconnected port trg_i[101]
WARNING: [Synth 8-3331] design ir_statemachine has unconnected port trg_i[100]
WARNING: [Synth 8-3331] design ir_statemachine has unconnected port trg_i[99]
WARNING: [Synth 8-3331] design ir_statemachine has unconnected port trg_i[98]
WARNING: [Synth 8-3331] design ir_statemachine has unconnected port trg_i[97]
WARNING: [Synth 8-3331] design ir_statemachine has unconnected port trg_i[96]
WARNING: [Synth 8-3331] design ir_statemachine has unconnected port trg_i[95]
WARNING: [Synth 8-3331] design ir_statemachine has unconnected port trg_i[94]
WARNING: [Synth 8-3331] design ir_statemachine has unconnected port trg_i[93]
WARNING: [Synth 8-3331] design ir_statemachine has unconnected port trg_i[92]
WARNING: [Synth 8-3331] design ir_statemachine has unconnected port trg_i[91]
WARNING: [Synth 8-3331] design ir_statemachine has unconnected port trg_i[90]
WARNING: [Synth 8-3331] design ir_statemachine has unconnected port trg_i[89]
WARNING: [Synth 8-3331] design ir_statemachine has unconnected port trg_i[88]
WARNING: [Synth 8-3331] design ir_statemachine has unconnected port trg_i[87]
WARNING: [Synth 8-3331] design ir_statemachine has unconnected port trg_i[86]
WARNING: [Synth 8-3331] design ir_statemachine has unconnected port trg_i[85]
WARNING: [Synth 8-3331] design ir_statemachine has unconnected port trg_i[84]
WARNING: [Synth 8-3331] design ir_statemachine has unconnected port trg_i[83]
WARNING: [Synth 8-3331] design ir_statemachine has unconnected port trg_i[82]
WARNING: [Synth 8-3331] design ir_statemachine has unconnected port trg_i[81]
WARNING: [Synth 8-3331] design ir_statemachine has unconnected port trg_i[80]
WARNING: [Synth 8-3331] design ir_statemachine has unconnected port trg_i[79]
WARNING: [Synth 8-3331] design ir_statemachine has unconnected port trg_i[78]
WARNING: [Synth 8-3331] design ir_statemachine has unconnected port trg_i[77]
WARNING: [Synth 8-3331] design ir_statemachine has unconnected port trg_i[76]
WARNING: [Synth 8-3331] design ir_statemachine has unconnected port trg_i[75]
WARNING: [Synth 8-3331] design ir_statemachine has unconnected port trg_i[74]
WARNING: [Synth 8-3331] design ir_statemachine has unconnected port trg_i[73]
WARNING: [Synth 8-3331] design ir_statemachine has unconnected port trg_i[72]
WARNING: [Synth 8-3331] design ir_statemachine has unconnected port trg_i[71]
WARNING: [Synth 8-3331] design ir_statemachine has unconnected port trg_i[70]
WARNING: [Synth 8-3331] design ir_statemachine has unconnected port trg_i[69]
WARNING: [Synth 8-3331] design ir_statemachine has unconnected port trg_i[68]
WARNING: [Synth 8-3331] design ir_statemachine has unconnected port trg_i[67]
WARNING: [Synth 8-3331] design ir_statemachine has unconnected port trg_i[66]
WARNING: [Synth 8-3331] design ir_statemachine has unconnected port trg_i[65]
WARNING: [Synth 8-3331] design ir_statemachine has unconnected port trg_i[64]
WARNING: [Synth 8-3331] design ir_statemachine has unconnected port trg_i[63]
WARNING: [Synth 8-3331] design ir_statemachine has unconnected port trg_i[62]
WARNING: [Synth 8-3331] design ir_statemachine has unconnected port trg_i[61]
WARNING: [Synth 8-3331] design ir_statemachine has unconnected port trg_i[60]
WARNING: [Synth 8-3331] design ir_statemachine has unconnected port trg_i[59]
WARNING: [Synth 8-3331] design ir_statemachine has unconnected port trg_i[58]
WARNING: [Synth 8-3331] design ir_statemachine has unconnected port trg_i[57]
WARNING: [Synth 8-3331] design ir_statemachine has unconnected port trg_i[56]
WARNING: [Synth 8-3331] design ir_statemachine has unconnected port trg_i[55]
WARNING: [Synth 8-3331] design ir_statemachine has unconnected port trg_i[54]
WARNING: [Synth 8-3331] design ir_statemachine has unconnected port trg_i[53]
WARNING: [Synth 8-3331] design ir_statemachine has unconnected port trg_i[52]
WARNING: [Synth 8-3331] design ir_statemachine has unconnected port trg_i[51]
WARNING: [Synth 8-3331] design ir_statemachine has unconnected port trg_i[50]
WARNING: [Synth 8-3331] design ir_statemachine has unconnected port trg_i[49]
WARNING: [Synth 8-3331] design ir_statemachine has unconnected port trg_i[48]
WARNING: [Synth 8-3331] design ir_statemachine has unconnected port trg_i[47]
WARNING: [Synth 8-3331] design ir_statemachine has unconnected port trg_i[46]
WARNING: [Synth 8-3331] design ir_statemachine has unconnected port trg_i[45]
WARNING: [Synth 8-3331] design ir_statemachine has unconnected port trg_i[44]
WARNING: [Synth 8-3331] design ir_statemachine has unconnected port trg_i[43]
WARNING: [Synth 8-3331] design ir_statemachine has unconnected port trg_i[42]
WARNING: [Synth 8-3331] design ir_statemachine has unconnected port trg_i[41]
WARNING: [Synth 8-3331] design ir_statemachine has unconnected port trg_i[40]
WARNING: [Synth 8-3331] design ir_statemachine has unconnected port trg_i[39]
WARNING: [Synth 8-3331] design ir_statemachine has unconnected port trg_i[38]
WARNING: [Synth 8-3331] design ir_statemachine has unconnected port trg_i[37]
WARNING: [Synth 8-3331] design ir_statemachine has unconnected port trg_i[36]
WARNING: [Synth 8-3331] design ir_statemachine has unconnected port trg_i[35]
WARNING: [Synth 8-3331] design ir_statemachine has unconnected port trg_i[34]
WARNING: [Synth 8-3331] design ir_statemachine has unconnected port trg_i[33]
WARNING: [Synth 8-3331] design ir_statemachine has unconnected port trg_i[32]
WARNING: [Synth 8-3331] design ir_statemachine has unconnected port trg_i[31]
WARNING: [Synth 8-3331] design ir_statemachine has unconnected port trg_i[30]
WARNING: [Synth 8-3331] design ir_statemachine has unconnected port trg_i[29]
WARNING: [Synth 8-3331] design ir_statemachine has unconnected port trg_i[28]
WARNING: [Synth 8-3331] design ir_statemachine has unconnected port trg_i[27]
WARNING: [Synth 8-3331] design ir_statemachine has unconnected port trg_i[26]
WARNING: [Synth 8-3331] design ir_statemachine has unconnected port trg_i[25]
WARNING: [Synth 8-3331] design ir_statemachine has unconnected port trg_i[24]
WARNING: [Synth 8-3331] design ir_statemachine has unconnected port trg_i[23]
WARNING: [Synth 8-3331] design ir_statemachine has unconnected port trg_i[22]
WARNING: [Synth 8-3331] design ir_statemachine has unconnected port trg_i[21]
WARNING: [Synth 8-3331] design ir_statemachine has unconnected port trg_i[20]
WARNING: [Synth 8-3331] design ir_statemachine has unconnected port trg_i[19]
INFO: [Common 17-14] Message 'Synth 8-3331' appears 100 times and further instances of the messages will be disabled. Use the Tcl command set_msg_config to change the current settings.
---------------------------------------------------------------------------------
Finished RTL Elaboration : Time (s): cpu = 00:00:04 ; elapsed = 00:00:03 . Memory (MB): peak = 525.207 ; gain = 152.852
---------------------------------------------------------------------------------

Report Check Netlist: 
+------+------------------+-------+---------+-------+------------------+
|      |Item              |Errors |Warnings |Status |Description       |
+------+------------------+-------+---------+-------+------------------+
|1     |multi_driven_nets |      0|        0|Passed |Multi driven nets |
+------+------------------+-------+---------+-------+------------------+
---------------------------------------------------------------------------------
Start Handling Custom Attributes
---------------------------------------------------------------------------------
---------------------------------------------------------------------------------
Finished Handling Custom Attributes : Time (s): cpu = 00:00:04 ; elapsed = 00:00:03 . Memory (MB): peak = 525.207 ; gain = 152.852
---------------------------------------------------------------------------------
---------------------------------------------------------------------------------
Finished RTL Optimization Phase 1 : Time (s): cpu = 00:00:04 ; elapsed = 00:00:03 . Memory (MB): peak = 525.207 ; gain = 152.852
---------------------------------------------------------------------------------
INFO: [Device 21-403] Loading part xcku060-ffva1156-2-e
INFO: [Project 1-570] Preparing netlist for logic optimization

Processing XDC Constraints
Initializing timing engine
Parsing XDC File [C:/Users/Simone Ragoni/alice/InteractionRecord/InteractionRecord/IR.runs/synth_1/.Xil/Vivado-13416-DESKTOP-T9I20SI/ir_fifo/ir_fifo/ir_fifo_in_context.xdc] for cell 'ir_fifo_inst'
Finished Parsing XDC File [C:/Users/Simone Ragoni/alice/InteractionRecord/InteractionRecord/IR.runs/synth_1/.Xil/Vivado-13416-DESKTOP-T9I20SI/ir_fifo/ir_fifo/ir_fifo_in_context.xdc] for cell 'ir_fifo_inst'
Completed Processing XDC Constraints

Netlist sorting complete. Time (s): cpu = 00:00:00 ; elapsed = 00:00:00 . Memory (MB): peak = 1150.641 ; gain = 0.000
INFO: [Project 1-111] Unisim Transformation Summary:
No Unisim elements were transformed.

Netlist sorting complete. Time (s): cpu = 00:00:00 ; elapsed = 00:00:00.001 . Memory (MB): peak = 1150.641 ; gain = 0.000
Constraint Validation Runtime : Time (s): cpu = 00:00:00 ; elapsed = 00:00:00.009 . Memory (MB): peak = 1150.641 ; gain = 0.000
---------------------------------------------------------------------------------
Finished Constraint Validation : Time (s): cpu = 00:00:11 ; elapsed = 00:00:11 . Memory (MB): peak = 1150.641 ; gain = 778.285
---------------------------------------------------------------------------------
---------------------------------------------------------------------------------
Start Loading Part and Timing Information
---------------------------------------------------------------------------------
Loading part: xcku060-ffva1156-2-e
INFO: [Synth 8-6742] Reading net delay rules and data
---------------------------------------------------------------------------------
Finished Loading Part and Timing Information : Time (s): cpu = 00:00:11 ; elapsed = 00:00:11 . Memory (MB): peak = 1150.641 ; gain = 778.285
---------------------------------------------------------------------------------
---------------------------------------------------------------------------------
Start Applying 'set_property' XDC Constraints
---------------------------------------------------------------------------------
Applied set_property DONT_TOUCH = true for ir_fifo_inst. (constraint file  auto generated constraint, line ).
---------------------------------------------------------------------------------
Finished applying 'set_property' XDC Constraints : Time (s): cpu = 00:00:11 ; elapsed = 00:00:11 . Memory (MB): peak = 1150.641 ; gain = 778.285
---------------------------------------------------------------------------------
WARNING: [Synth 8-3936] Found unconnected internal register 'rand_temp2_reg' and it is trimmed from '48' to '21' bits. [C:/Users/Simone Ragoni/alice/WholeCTPfromGitLab/common_logic/RTL/Trigger_class_record/prsg_tcr.vhd:44]
INFO: [Synth 8-5545] ROM "store_count" won't be mapped to RAM because address size (31) is larger than maximum supported(25)
INFO: [Synth 8-5545] ROM "temp_data_s" won't be mapped to RAM because address size (31) is larger than maximum supported(25)
INFO: [Synth 8-5545] ROM "valid_flag" won't be mapped to RAM because address size (31) is larger than maximum supported(25)
INFO: [Synth 8-5545] ROM "store_count" won't be mapped to RAM because address size (31) is larger than maximum supported(25)
INFO: [Synth 8-5545] ROM "temp_data_s" won't be mapped to RAM because address size (31) is larger than maximum supported(25)
INFO: [Synth 8-5545] ROM "valid_flag" won't be mapped to RAM because address size (31) is larger than maximum supported(25)
INFO: [Synth 8-5818] HDL ADVISOR - The operator resource <adder> is shared. To prevent sharing consider applying a KEEP on the output of the operator [C:/Users/Simone Ragoni/alice/InteractionRecord/InteractionRecord/IR.srcs/sources_1/new/ir_statemachine.vhd:730]
INFO: [Synth 8-802] inferred FSM for state register 's_cs_reg' in module 'ir_statemachine'
INFO: [Synth 8-5546] ROM "s_no_idle_btw_events" won't be mapped to RAM because it is too sparse
INFO: [Synth 8-5544] ROM "i_max_idle_btw_events" won't be mapped to Block RAM because address size (4) smaller than threshold (5)
INFO: [Synth 8-5544] ROM "wasEOx" won't be mapped to Block RAM because address size (4) smaller than threshold (5)
INFO: [Synth 8-5544] ROM "u_bc_cnt" won't be mapped to Block RAM because address size (4) smaller than threshold (5)
INFO: [Synth 8-5544] ROM "s_ns" won't be mapped to Block RAM because address size (1) smaller than threshold (5)
INFO: [Synth 8-5544] ROM "s_ns" won't be mapped to Block RAM because address size (1) smaller than threshold (5)
INFO: [Synth 8-5544] ROM "s_ns" won't be mapped to Block RAM because address size (1) smaller than threshold (5)
INFO: [Synth 8-5544] ROM "s_ns" won't be mapped to Block RAM because address size (1) smaller than threshold (5)
INFO: [Synth 8-5544] ROM "s_ns" won't be mapped to Block RAM because address size (1) smaller than threshold (5)
INFO: [Synth 8-5544] ROM "s_ns" won't be mapped to Block RAM because address size (1) smaller than threshold (5)
INFO: [Synth 8-5546] ROM "s_no_idle_btw_events" won't be mapped to RAM because it is too sparse
INFO: [Synth 8-5544] ROM "i_max_idle_btw_events" won't be mapped to Block RAM because address size (4) smaller than threshold (5)
INFO: [Synth 8-5544] ROM "wasEOx" won't be mapped to Block RAM because address size (4) smaller than threshold (5)
INFO: [Synth 8-5544] ROM "u_bc_cnt" won't be mapped to Block RAM because address size (4) smaller than threshold (5)
INFO: [Synth 8-5544] ROM "s_ns" won't be mapped to Block RAM because address size (1) smaller than threshold (5)
INFO: [Synth 8-5544] ROM "s_ns" won't be mapped to Block RAM because address size (1) smaller than threshold (5)
INFO: [Synth 8-5544] ROM "s_ns" won't be mapped to Block RAM because address size (1) smaller than threshold (5)
INFO: [Synth 8-5544] ROM "s_ns" won't be mapped to Block RAM because address size (1) smaller than threshold (5)
INFO: [Synth 8-5544] ROM "s_ns" won't be mapped to Block RAM because address size (1) smaller than threshold (5)
INFO: [Synth 8-5544] ROM "s_ns" won't be mapped to Block RAM because address size (1) smaller than threshold (5)
INFO: [Synth 8-5544] ROM "eox_pkt_sent" won't be mapped to Block RAM because address size (1) smaller than threshold (5)
INFO: [Synth 8-5544] ROM "ir_state_machine_codes_o" won't be mapped to Block RAM because address size (1) smaller than threshold (5)
INFO: [Synth 8-5544] ROM "s_ns" won't be mapped to Block RAM because address size (1) smaller than threshold (5)
INFO: [Synth 8-5544] ROM "s_ns" won't be mapped to Block RAM because address size (1) smaller than threshold (5)
INFO: [Synth 8-5544] ROM "s_ns" won't be mapped to Block RAM because address size (1) smaller than threshold (5)
INFO: [Synth 8-5544] ROM "s_ns" won't be mapped to Block RAM because address size (1) smaller than threshold (5)
INFO: [Synth 8-5544] ROM "s_ns" won't be mapped to Block RAM because address size (1) smaller than threshold (5)
INFO: [Synth 8-5544] ROM "s_ns" won't be mapped to Block RAM because address size (1) smaller than threshold (5)
INFO: [Synth 8-5544] ROM "s_ns" won't be mapped to Block RAM because address size (1) smaller than threshold (5)
INFO: [Synth 8-5544] ROM "s_ns" won't be mapped to Block RAM because address size (1) smaller than threshold (5)
INFO: [Synth 8-5544] ROM "s_ns" won't be mapped to Block RAM because address size (1) smaller than threshold (5)
INFO: [Synth 8-5544] ROM "s_ns" won't be mapped to Block RAM because address size (1) smaller than threshold (5)
INFO: [Synth 8-5544] ROM "s_ns" won't be mapped to Block RAM because address size (1) smaller than threshold (5)
INFO: [Synth 8-5544] ROM "s_ns" won't be mapped to Block RAM because address size (1) smaller than threshold (5)
INFO: [Synth 8-5544] ROM "s_ns" won't be mapped to Block RAM because address size (1) smaller than threshold (5)
INFO: [Synth 8-5544] ROM "s_ns" won't be mapped to Block RAM because address size (1) smaller than threshold (5)
INFO: [Synth 8-5544] ROM "s_ns" won't be mapped to Block RAM because address size (1) smaller than threshold (5)
---------------------------------------------------------------------------------------------------
                   State |                     New Encoding |                Previous Encoding 
---------------------------------------------------------------------------------------------------
                    idle |                             0100 |                             0000
                send_sop |                             0110 |                             0001
          send_rdh_word0 |                             0011 |                             0010
          send_rdh_word1 |                             0000 |                             0011
          send_rdh_word2 |                             0001 |                             0100
          send_rdh_word3 |                             0010 |                             0101
        wait_for_trigger |                             1001 |                             0110
               send_data |                             0111 |                             0111
                send_eop |                             1000 |                             1000
                 new_rdh |                             1010 |                             1001
               send_idle |                             0101 |                             1010
---------------------------------------------------------------------------------------------------
INFO: [Synth 8-3354] encoded FSM with state register 's_cs_reg' using encoding 'sequential' in module 'ir_statemachine'
WARNING: [Synth 8-327] inferring latch for variable 'helper_stopbit_reg' [C:/Users/Simone Ragoni/alice/InteractionRecord/InteractionRecord/IR.srcs/sources_1/new/ir_statemachine.vhd:456]
WARNING: [Synth 8-327] inferring latch for variable 'reset_buffer_reg' [C:/Users/Simone Ragoni/alice/InteractionRecord/InteractionRecord/IR.srcs/sources_1/new/ir_statemachine.vhd:432]
---------------------------------------------------------------------------------
Finished RTL Optimization Phase 2 : Time (s): cpu = 00:00:12 ; elapsed = 00:00:12 . Memory (MB): peak = 1150.641 ; gain = 778.285
---------------------------------------------------------------------------------

Report RTL Partitions: 
+-+--------------+------------+----------+
| |RTL Partition |Replication |Instances |
+-+--------------+------------+----------+
+-+--------------+------------+----------+
---------------------------------------------------------------------------------
Start RTL Component Statistics 
---------------------------------------------------------------------------------
Detailed RTL Component Info : 
+---Adders : 
	   2 Input     16 Bit       Adders := 1     
	   2 Input     12 Bit       Adders := 2     
	   2 Input     11 Bit       Adders := 1     
	   2 Input     10 Bit       Adders := 3     
	   2 Input      9 Bit       Adders := 1     
+---XORs : 
	   2 Input      1 Bit         XORs := 1     
+---Registers : 
	              300 Bit    Registers := 1     
	               83 Bit    Registers := 4     
	               80 Bit    Registers := 2     
	               48 Bit    Registers := 2     
	               32 Bit    Registers := 7     
	               21 Bit    Registers := 1     
	               16 Bit    Registers := 1     
	               12 Bit    Registers := 2     
	               11 Bit    Registers := 2     
	               10 Bit    Registers := 1     
	                9 Bit    Registers := 2     
	                5 Bit    Registers := 4     
	                4 Bit    Registers := 1     
	                3 Bit    Registers := 1     
	                1 Bit    Registers := 26    
+---Muxes : 
	   8 Input    300 Bit        Muxes := 1     
	   5 Input    300 Bit        Muxes := 1     
	   2 Input    300 Bit        Muxes := 1     
	   4 Input     83 Bit        Muxes := 1     
	   2 Input     83 Bit        Muxes := 6     
	   2 Input     80 Bit        Muxes := 3     
	   8 Input     80 Bit        Muxes := 2     
	   2 Input     68 Bit        Muxes := 2     
	   8 Input     32 Bit        Muxes := 2     
	   2 Input     32 Bit        Muxes := 1     
	   6 Input      9 Bit        Muxes := 1     
	   2 Input      9 Bit        Muxes := 1     
	   2 Input      6 Bit        Muxes := 1     
	   5 Input      6 Bit        Muxes := 1     
	   2 Input      4 Bit        Muxes := 22    
	   5 Input      4 Bit        Muxes := 3     
	  10 Input      4 Bit        Muxes := 3     
	  11 Input      4 Bit        Muxes := 4     
	  33 Input      4 Bit        Muxes := 1     
	   2 Input      3 Bit        Muxes := 5     
	   5 Input      2 Bit        Muxes := 1     
	   2 Input      1 Bit        Muxes := 28    
	   5 Input      1 Bit        Muxes := 1     
	   3 Input      1 Bit        Muxes := 3     
	   4 Input      1 Bit        Muxes := 1     
	  11 Input      1 Bit        Muxes := 3     
	   8 Input      1 Bit        Muxes := 2     
---------------------------------------------------------------------------------
Finished RTL Component Statistics 
---------------------------------------------------------------------------------
---------------------------------------------------------------------------------
Start RTL Hierarchical Component Statistics 
---------------------------------------------------------------------------------
Hierarchical RTL Component report 
Module top_ir_statemachine 
Detailed RTL Component Info : 
+---Adders : 
	   2 Input     12 Bit       Adders := 1     
+---Registers : 
	               32 Bit    Registers := 2     
	               12 Bit    Registers := 1     
	                1 Bit    Registers := 2     
+---Muxes : 
	   2 Input     68 Bit        Muxes := 2     
Module prsg_tcr 
Detailed RTL Component Info : 
+---XORs : 
	   2 Input      1 Bit         XORs := 1     
+---Registers : 
	               48 Bit    Registers := 2     
	               21 Bit    Registers := 1     
+---Muxes : 
	   2 Input      1 Bit        Muxes := 1     
Module packer_ir2 
Detailed RTL Component Info : 
+---Registers : 
	              300 Bit    Registers := 1     
	               83 Bit    Registers := 2     
	                1 Bit    Registers := 4     
+---Muxes : 
	   8 Input    300 Bit        Muxes := 1     
	   5 Input    300 Bit        Muxes := 1     
	   2 Input    300 Bit        Muxes := 1     
	   4 Input     83 Bit        Muxes := 1     
	   2 Input     83 Bit        Muxes := 4     
	   6 Input      9 Bit        Muxes := 1     
	   2 Input      6 Bit        Muxes := 1     
	   5 Input      6 Bit        Muxes := 1     
	   5 Input      2 Bit        Muxes := 1     
	   2 Input      1 Bit        Muxes := 5     
	   5 Input      1 Bit        Muxes := 1     
Module buffer_fifo 
Detailed RTL Component Info : 
+---Adders : 
	   2 Input     10 Bit       Adders := 1     
+---Registers : 
	               83 Bit    Registers := 2     
	                9 Bit    Registers := 1     
	                1 Bit    Registers := 1     
+---Muxes : 
	   2 Input     83 Bit        Muxes := 2     
	   2 Input      9 Bit        Muxes := 1     
	   2 Input      1 Bit        Muxes := 3     
Module ir_statemachine 
Detailed RTL Component Info : 
+---Adders : 
	   2 Input     16 Bit       Adders := 1     
	   2 Input     12 Bit       Adders := 1     
	   2 Input     11 Bit       Adders := 1     
	   2 Input     10 Bit       Adders := 2     
	   2 Input      9 Bit       Adders := 1     
+---Registers : 
	               80 Bit    Registers := 2     
	               32 Bit    Registers := 5     
	               16 Bit    Registers := 1     
	               12 Bit    Registers := 1     
	               11 Bit    Registers := 2     
	               10 Bit    Registers := 1     
	                9 Bit    Registers := 1     
	                5 Bit    Registers := 4     
	                4 Bit    Registers := 1     
	                3 Bit    Registers := 1     
	                1 Bit    Registers := 19    
+---Muxes : 
	   2 Input     80 Bit        Muxes := 3     
	   8 Input     80 Bit        Muxes := 2     
	   8 Input     32 Bit        Muxes := 2     
	   2 Input     32 Bit        Muxes := 1     
	   2 Input      4 Bit        Muxes := 22    
	   5 Input      4 Bit        Muxes := 3     
	  10 Input      4 Bit        Muxes := 3     
	  11 Input      4 Bit        Muxes := 4     
	  33 Input      4 Bit        Muxes := 1     
	   2 Input      3 Bit        Muxes := 5     
	   2 Input      1 Bit        Muxes := 19    
	   3 Input      1 Bit        Muxes := 3     
	   4 Input      1 Bit        Muxes := 1     
	  11 Input      1 Bit        Muxes := 3     
	   8 Input      1 Bit        Muxes := 2     
---------------------------------------------------------------------------------
Finished RTL Hierarchical Component Statistics
---------------------------------------------------------------------------------
---------------------------------------------------------------------------------
Start Part Resource Summary
---------------------------------------------------------------------------------
Part Resources:
DSPs: 2760 (col length:120)
BRAMs: 2160 (col length: RAMB18 120 RAMB36 60)
---------------------------------------------------------------------------------
Finished Part Resource Summary
---------------------------------------------------------------------------------
---------------------------------------------------------------------------------
Start Cross Boundary and Area Optimization
---------------------------------------------------------------------------------
Warning: Parallel synthesis criteria is not met 
INFO: [Synth 8-5544] ROM "d_o00" won't be mapped to Block RAM because address size (4) smaller than threshold (5)
INFO: [Synth 8-5546] ROM "s_no_idle_btw_events" won't be mapped to RAM because it is too sparse
INFO: [Synth 8-3333] propagating constant 0 across sequential element (\rnd_data/rand_temp_reg[21] )
INFO: [Synth 8-3333] propagating constant 0 across sequential element (\rnd_data/rand_temp_reg[22] )
INFO: [Synth 8-3333] propagating constant 0 across sequential element (\rnd_data/rand_temp_reg[23] )
INFO: [Synth 8-3333] propagating constant 0 across sequential element (\rnd_data/rand_temp_reg[24] )
INFO: [Synth 8-3333] propagating constant 0 across sequential element (\rnd_data/rand_temp_reg[25] )
INFO: [Synth 8-3333] propagating constant 0 across sequential element (\rnd_data/rand_temp_reg[26] )
INFO: [Synth 8-3333] propagating constant 0 across sequential element (\rnd_data/rand_temp_reg[27] )
INFO: [Synth 8-3333] propagating constant 0 across sequential element (\rnd_data/rand_temp_reg[28] )
INFO: [Synth 8-3333] propagating constant 0 across sequential element (\rnd_data/rand_temp_reg[29] )
INFO: [Synth 8-3333] propagating constant 0 across sequential element (\rnd_data/rand_temp_reg[30] )
INFO: [Synth 8-3333] propagating constant 0 across sequential element (\rnd_data/rand_temp_reg[31] )
INFO: [Synth 8-3333] propagating constant 0 across sequential element (\rnd_data/rand_temp_reg[32] )
INFO: [Synth 8-3333] propagating constant 0 across sequential element (\rnd_data/rand_temp_reg[33] )
INFO: [Synth 8-3333] propagating constant 0 across sequential element (\rnd_data/rand_temp_reg[34] )
INFO: [Synth 8-3333] propagating constant 0 across sequential element (\rnd_data/rand_temp_reg[35] )
INFO: [Synth 8-3333] propagating constant 0 across sequential element (\rnd_data/rand_temp_reg[36] )
INFO: [Synth 8-3333] propagating constant 0 across sequential element (\rnd_data/rand_temp_reg[37] )
INFO: [Synth 8-3333] propagating constant 0 across sequential element (\rnd_data/rand_temp_reg[38] )
INFO: [Synth 8-3333] propagating constant 0 across sequential element (\rnd_data/rand_temp_reg[39] )
INFO: [Synth 8-3333] propagating constant 0 across sequential element (\rnd_data/rand_temp_reg[40] )
INFO: [Synth 8-3333] propagating constant 0 across sequential element (\rnd_data/rand_temp_reg[41] )
INFO: [Synth 8-3333] propagating constant 0 across sequential element (\rnd_data/rand_temp_reg[42] )
INFO: [Synth 8-3333] propagating constant 0 across sequential element (\rnd_data/rand_temp_reg[43] )
INFO: [Synth 8-3333] propagating constant 0 across sequential element (\rnd_data/rand_temp_reg[44] )
INFO: [Synth 8-3333] propagating constant 0 across sequential element (\rnd_data/rand_temp_reg[45] )
INFO: [Synth 8-3333] propagating constant 0 across sequential element (\rnd_data/rand_temp_reg[46] )
INFO: [Synth 8-3333] propagating constant 0 across sequential element (\rnd_data/rand_temp_reg[47] )
INFO: [Synth 8-3333] propagating constant 0 across sequential element (\input_data_packer/temp_data_s_reg[60] )
INFO: [Synth 8-3886] merging instance 'input_data_packer/temp_data_s_reg[61]' (FDRE) to 'input_data_packer/temp_data_s_reg[62]'
INFO: [Synth 8-3886] merging instance 'input_data_packer/temp_data_s_reg[62]' (FDRE) to 'input_data_packer/temp_data_s_reg[63]'
INFO: [Synth 8-3886] merging instance 'input_data_packer/temp_data_s_reg[63]' (FDRE) to 'input_data_packer/temp_data_s_reg[64]'
INFO: [Synth 8-3886] merging instance 'input_data_packer/temp_data_s_reg[64]' (FDRE) to 'input_data_packer/temp_data_s_reg[65]'
INFO: [Synth 8-3886] merging instance 'input_data_packer/temp_data_s_reg[65]' (FDRE) to 'input_data_packer/temp_data_s_reg[66]'
INFO: [Synth 8-3886] merging instance 'input_data_packer/temp_data_s_reg[66]' (FDRE) to 'input_data_packer/temp_data_s_reg[67]'
INFO: [Synth 8-3886] merging instance 'input_data_packer/temp_data_s_reg[67]' (FDRE) to 'input_data_packer/temp_data_s_reg[68]'
INFO: [Synth 8-3886] merging instance 'input_data_packer/temp_data_s_reg[68]' (FDRE) to 'input_data_packer/temp_data_s_reg[69]'
INFO: [Synth 8-3886] merging instance 'input_data_packer/temp_data_s_reg[69]' (FDRE) to 'input_data_packer/temp_data_s_reg[70]'
INFO: [Synth 8-3886] merging instance 'input_data_packer/temp_data_s_reg[70]' (FDRE) to 'input_data_packer/temp_data_s_reg[71]'
INFO: [Synth 8-3886] merging instance 'input_data_packer/temp_data_s_reg[71]' (FDRE) to 'input_data_packer/temp_data_s_reg[72]'
INFO: [Synth 8-3886] merging instance 'input_data_packer/temp_data_s_reg[72]' (FDRE) to 'input_data_packer/temp_data_s_reg[73]'
INFO: [Synth 8-3886] merging instance 'input_data_packer/temp_data_s_reg[73]' (FDRE) to 'input_data_packer/temp_data_s_reg[74]'
INFO: [Synth 8-3886] merging instance 'input_data_packer/temp_data_s_reg[74]' (FDRE) to 'input_data_packer/temp_data_s_reg[75]'
INFO: [Synth 8-3886] merging instance 'input_data_packer/temp_data_s_reg[75]' (FDRE) to 'input_data_packer/temp_data_s_reg[76]'
INFO: [Synth 8-3886] merging instance 'input_data_packer/temp_data_s_reg[76]' (FDRE) to 'input_data_packer/temp_data_s_reg[77]'
INFO: [Synth 8-3886] merging instance 'input_data_packer/temp_data_s_reg[77]' (FDRE) to 'input_data_packer/temp_data_s_reg[78]'
INFO: [Synth 8-3886] merging instance 'input_data_packer/temp_data_s_reg[78]' (FDRE) to 'input_data_packer/temp_data_s_reg[79]'
INFO: [Synth 8-3333] propagating constant 0 across sequential element (\input_data_packer/temp_data_s_reg[79] )
INFO: [Synth 8-3886] merging instance 'input_data_packer/s_store_count_reg[2]' (FDRE) to 'input_data_packer/s_store_count_reg[4]'
INFO: [Synth 8-3886] merging instance 'input_data_packer/s_store_count_reg[0]' (FDRE) to 'input_data_packer/s_store_count_reg[1]'
INFO: [Synth 8-3333] propagating constant 0 across sequential element (\input_data_packer/s_store_count_reg[1] )
INFO: [Synth 8-3886] merging instance 'input_data_packer/s_store_count_reg[3]' (FDRE) to 'input_data_packer/s_store_count_reg[5]'
INFO: [Synth 8-3886] merging instance 'input_data_packer/s_store_count_reg[8]' (FDRE) to 'input_data_packer/s_store_count_reg[7]'
INFO: [Synth 8-3886] merging instance 'input_data_packer/s_store_count_reg[7]' (FDRE) to 'input_data_packer/s_store_count_reg[6]'
INFO: [Synth 8-3333] propagating constant 0 across sequential element (\input_data_packer/s_store_count_reg[6] )
INFO: [Synth 8-3886] merging instance 'rnd_data/rand_no_o_reg[21]' (FDRE) to 'rnd_data/rand_no_o_reg[47]'
INFO: [Synth 8-3886] merging instance 'rnd_data/rand_no_o_reg[22]' (FDRE) to 'rnd_data/rand_no_o_reg[47]'
INFO: [Synth 8-3886] merging instance 'rnd_data/rand_no_o_reg[23]' (FDRE) to 'rnd_data/rand_no_o_reg[47]'
INFO: [Synth 8-3886] merging instance 'rnd_data/rand_no_o_reg[24]' (FDRE) to 'rnd_data/rand_no_o_reg[47]'
INFO: [Synth 8-3886] merging instance 'rnd_data/rand_no_o_reg[25]' (FDRE) to 'rnd_data/rand_no_o_reg[47]'
INFO: [Synth 8-3886] merging instance 'rnd_data/rand_no_o_reg[26]' (FDRE) to 'rnd_data/rand_no_o_reg[47]'
INFO: [Synth 8-3886] merging instance 'rnd_data/rand_no_o_reg[27]' (FDRE) to 'rnd_data/rand_no_o_reg[47]'
INFO: [Synth 8-3886] merging instance 'rnd_data/rand_no_o_reg[28]' (FDRE) to 'rnd_data/rand_no_o_reg[47]'
INFO: [Synth 8-3886] merging instance 'rnd_data/rand_no_o_reg[29]' (FDRE) to 'rnd_data/rand_no_o_reg[47]'
INFO: [Synth 8-3886] merging instance 'rnd_data/rand_no_o_reg[30]' (FDRE) to 'rnd_data/rand_no_o_reg[47]'
INFO: [Synth 8-3886] merging instance 'rnd_data/rand_no_o_reg[31]' (FDRE) to 'rnd_data/rand_no_o_reg[47]'
INFO: [Synth 8-3886] merging instance 'rnd_data/rand_no_o_reg[32]' (FDRE) to 'rnd_data/rand_no_o_reg[47]'
INFO: [Synth 8-3886] merging instance 'rnd_data/rand_no_o_reg[33]' (FDRE) to 'rnd_data/rand_no_o_reg[47]'
INFO: [Synth 8-3886] merging instance 'rnd_data/rand_no_o_reg[34]' (FDRE) to 'rnd_data/rand_no_o_reg[47]'
INFO: [Synth 8-3886] merging instance 'rnd_data/rand_no_o_reg[35]' (FDRE) to 'rnd_data/rand_no_o_reg[47]'
INFO: [Synth 8-3886] merging instance 'rnd_data/rand_no_o_reg[36]' (FDRE) to 'rnd_data/rand_no_o_reg[47]'
INFO: [Synth 8-3886] merging instance 'rnd_data/rand_no_o_reg[37]' (FDRE) to 'rnd_data/rand_no_o_reg[47]'
INFO: [Synth 8-3886] merging instance 'rnd_data/rand_no_o_reg[38]' (FDRE) to 'rnd_data/rand_no_o_reg[47]'
INFO: [Synth 8-3886] merging instance 'rnd_data/rand_no_o_reg[39]' (FDRE) to 'rnd_data/rand_no_o_reg[47]'
INFO: [Synth 8-3886] merging instance 'rnd_data/rand_no_o_reg[40]' (FDRE) to 'rnd_data/rand_no_o_reg[47]'
INFO: [Synth 8-3886] merging instance 'rnd_data/rand_no_o_reg[41]' (FDRE) to 'rnd_data/rand_no_o_reg[47]'
INFO: [Synth 8-3886] merging instance 'rnd_data/rand_no_o_reg[42]' (FDRE) to 'rnd_data/rand_no_o_reg[47]'
INFO: [Synth 8-3886] merging instance 'rnd_data/rand_no_o_reg[43]' (FDRE) to 'rnd_data/rand_no_o_reg[47]'
INFO: [Synth 8-3886] merging instance 'rnd_data/rand_no_o_reg[44]' (FDRE) to 'rnd_data/rand_no_o_reg[47]'
INFO: [Synth 8-3886] merging instance 'rnd_data/rand_no_o_reg[45]' (FDRE) to 'rnd_data/rand_no_o_reg[47]'
INFO: [Synth 8-3886] merging instance 'rnd_data/rand_no_o_reg[46]' (FDRE) to 'rnd_data/rand_no_o_reg[47]'
INFO: [Synth 8-3333] propagating constant 1 across sequential element (\ir_state_machine/s_send_data_reg )
INFO: [Synth 8-3886] merging instance 'ir_state_machine/i_max_idle_btw_events_reg[6]' (FDRE) to 'ir_state_machine/i_max_idle_btw_events_reg[0]'
INFO: [Synth 8-3886] merging instance 'ir_state_machine/i_max_idle_btw_events_reg[7]' (FDRE) to 'ir_state_machine/i_max_idle_btw_events_reg[0]'
INFO: [Synth 8-3886] merging instance 'ir_state_machine/i_max_idle_btw_events_reg[8]' (FDRE) to 'ir_state_machine/i_max_idle_btw_events_reg[0]'
INFO: [Synth 8-3886] merging instance 'ir_state_machine/i_max_idle_btw_events_reg[9]' (FDRE) to 'ir_state_machine/i_max_idle_btw_events_reg[0]'
INFO: [Synth 8-3886] merging instance 'ir_state_machine/i_max_idle_btw_events_reg[10]' (FDRE) to 'ir_state_machine/i_max_idle_btw_events_reg[0]'
INFO: [Synth 8-3886] merging instance 'ir_state_machine/i_max_idle_btw_events_reg[0]' (FDRE) to 'ir_state_machine/i_max_idle_btw_events_reg[1]'
INFO: [Synth 8-3886] merging instance 'ir_state_machine/i_max_idle_btw_events_reg[1]' (FDRE) to 'ir_state_machine/i_max_idle_btw_events_reg[2]'
INFO: [Synth 8-3886] merging instance 'ir_state_machine/i_max_idle_btw_events_reg[2]' (FDRE) to 'ir_state_machine/i_max_idle_btw_events_reg[3]'
INFO: [Synth 8-3886] merging instance 'ir_state_machine/i_max_idle_btw_events_reg[3]' (FDRE) to 'ir_state_machine/i_max_idle_btw_events_reg[4]'
INFO: [Synth 8-3886] merging instance 'ir_state_machine/i_max_idle_btw_events_reg[4]' (FDRE) to 'ir_state_machine/i_max_idle_btw_events_reg[5]'
INFO: [Synth 8-3333] propagating constant 0 across sequential element (\ir_state_machine/i_max_idle_btw_events_reg[5] )
INFO: [Synth 8-3333] propagating constant 0 across sequential element (\ir_state_machine/s_last_word_reg )
INFO: [Synth 8-3333] propagating constant 0 across sequential element (\fifo_data_sync_with_valid_data/helper_check_reg )
INFO: [Synth 8-3886] merging instance 'ir_state_machine/s_ttype_reg[0]' (FDRE) to 'ir_state_machine/s_ttype_reg[8]'
INFO: [Synth 8-3886] merging instance 'ir_state_machine/s_ttype_reg[1]' (FDSE) to 'ir_state_machine/s_ttype_reg[2]'
INFO: [Synth 8-3886] merging instance 'ir_state_machine/s_ttype_reg[2]' (FDSE) to 'ir_state_machine/s_ttype_reg[3]'
INFO: [Synth 8-3886] merging instance 'ir_state_machine/s_ttype_reg[3]' (FDSE) to 'ir_state_machine/s_ttype_reg[4]'
INFO: [Synth 8-3886] merging instance 'ir_state_machine/s_ttype_reg[4]' (FDSE) to 'ir_state_machine/s_ttype_reg[5]'
INFO: [Synth 8-3886] merging instance 'ir_state_machine/s_ttype_reg[5]' (FDSE) to 'ir_state_machine/s_ttype_reg[6]'
INFO: [Synth 8-3886] merging instance 'ir_state_machine/s_ttype_reg[6]' (FDSE) to 'ir_state_machine/s_ttype_reg[7]'
INFO: [Synth 8-3886] merging instance 'ir_state_machine/s_ttype_reg[7]' (FDSE) to 'ir_state_machine/s_ttype_reg[9]'
INFO: [Synth 8-3886] merging instance 'ir_state_machine/s_ttype_reg[8]' (FDRE) to 'ir_state_machine/s_ttype_reg[10]'
INFO: [Synth 8-3886] merging instance 'ir_state_machine/s_ttype_reg[9]' (FDSE) to 'ir_state_machine/s_ttype_reg[11]'
INFO: [Synth 8-3886] merging instance 'ir_state_machine/s_ttype_reg[10]' (FDRE) to 'ir_state_machine/s_ttype_reg[12]'
INFO: [Synth 8-3886] merging instance 'ir_state_machine/s_ttype_reg[11]' (FDSE) to 'ir_state_machine/s_ttype_reg[14]'
INFO: [Synth 8-3886] merging instance 'ir_state_machine/s_ttype_reg[12]' (FDRE) to 'ir_state_machine/s_ttype_reg[13]'
INFO: [Synth 8-3886] merging instance 'ir_state_machine/s_ttype_reg[13]' (FDRE) to 'ir_state_machine/s_ttype_reg[16]'
INFO: [Synth 8-3886] merging instance 'ir_state_machine/s_ttype_reg[14]' (FDSE) to 'ir_state_machine/s_ttype_reg[15]'
INFO: [Synth 8-3886] merging instance 'ir_state_machine/s_ttype_reg[15]' (FDSE) to 'ir_state_machine/s_ttype_reg[17]'
INFO: [Synth 8-3886] merging instance 'ir_state_machine/s_ttype_reg[16]' (FDRE) to 'ir_state_machine/s_ttype_reg[24]'
INFO: [Synth 8-3886] merging instance 'ir_state_machine/s_ttype_reg[17]' (FDSE) to 'ir_state_machine/s_ttype_reg[18]'
INFO: [Synth 8-3886] merging instance 'ir_state_machine/s_ttype_reg[18]' (FDSE) to 'ir_state_machine/s_ttype_reg[19]'
INFO: [Synth 8-3886] merging instance 'ir_state_machine/s_ttype_reg[19]' (FDSE) to 'ir_state_machine/s_ttype_reg[20]'
INFO: [Synth 8-3886] merging instance 'ir_state_machine/s_ttype_reg[20]' (FDSE) to 'ir_state_machine/s_ttype_reg[21]'
INFO: [Synth 8-3886] merging instance 'ir_state_machine/s_ttype_reg[21]' (FDSE) to 'ir_state_machine/s_ttype_reg[22]'
INFO: [Synth 8-3886] merging instance 'ir_state_machine/s_ttype_reg[22]' (FDSE) to 'ir_state_machine/s_ttype_reg[23]'
INFO: [Synth 8-3886] merging instance 'ir_state_machine/s_ttype_reg[23]' (FDSE) to 'ir_state_machine/s_ttype_reg[25]'
INFO: [Synth 8-3886] merging instance 'ir_state_machine/s_ttype_reg[24]' (FDRE) to 'ir_state_machine/s_ttype_reg[26]'
INFO: [Synth 8-3886] merging instance 'ir_state_machine/s_ttype_reg[25]' (FDSE) to 'ir_state_machine/s_ttype_reg[27]'
INFO: [Synth 8-3886] merging instance 'ir_state_machine/s_ttype_reg[26]' (FDRE) to 'ir_state_machine/s_ttype_reg[28]'
INFO: [Synth 8-3886] merging instance 'ir_state_machine/s_ttype_reg[27]' (FDSE) to 'ir_state_machine/s_ttype_reg[30]'
INFO: [Synth 8-3886] merging instance 'ir_state_machine/s_ttype_reg[28]' (FDRE) to 'ir_state_machine/s_ttype_reg[29]'
INFO: [Synth 8-3333] propagating constant 0 across sequential element (\ir_state_machine/s_ttype_reg[29] )
INFO: [Synth 8-3886] merging instance 'ir_state_machine/s_ttype_reg[30]' (FDSE) to 'ir_state_machine/s_ttype_reg[31]'
INFO: [Synth 8-3333] propagating constant 1 across sequential element (\ir_state_machine/s_ttype_reg[31] )
---------------------------------------------------------------------------------
Finished Cross Boundary and Area Optimization : Time (s): cpu = 00:00:16 ; elapsed = 00:00:17 . Memory (MB): peak = 1150.641 ; gain = 778.285
---------------------------------------------------------------------------------

Report RTL Partitions: 
+-+--------------+------------+----------+
| |RTL Partition |Replication |Instances |
+-+--------------+------------+----------+
+-+--------------+------------+----------+
---------------------------------------------------------------------------------
Start Applying XDC Timing Constraints
---------------------------------------------------------------------------------
---------------------------------------------------------------------------------
Finished Applying XDC Timing Constraints : Time (s): cpu = 00:00:22 ; elapsed = 00:00:24 . Memory (MB): peak = 1320.148 ; gain = 947.793
---------------------------------------------------------------------------------
---------------------------------------------------------------------------------
Start Timing Optimization
---------------------------------------------------------------------------------
---------------------------------------------------------------------------------
Finished Timing Optimization : Time (s): cpu = 00:00:22 ; elapsed = 00:00:24 . Memory (MB): peak = 1321.414 ; gain = 949.059
---------------------------------------------------------------------------------

Report RTL Partitions: 
+-+--------------+------------+----------+
| |RTL Partition |Replication |Instances |
+-+--------------+------------+----------+
+-+--------------+------------+----------+
---------------------------------------------------------------------------------
Start Technology Mapping
---------------------------------------------------------------------------------
---------------------------------------------------------------------------------
Finished Technology Mapping : Time (s): cpu = 00:00:23 ; elapsed = 00:00:25 . Memory (MB): peak = 1353.805 ; gain = 981.449
---------------------------------------------------------------------------------

Report RTL Partitions: 
+-+--------------+------------+----------+
| |RTL Partition |Replication |Instances |
+-+--------------+------------+----------+
+-+--------------+------------+----------+
---------------------------------------------------------------------------------
Start IO Insertion
---------------------------------------------------------------------------------
---------------------------------------------------------------------------------
Start Flattening Before IO Insertion
---------------------------------------------------------------------------------
---------------------------------------------------------------------------------
Finished Flattening Before IO Insertion
---------------------------------------------------------------------------------
---------------------------------------------------------------------------------
Start Final Netlist Cleanup
---------------------------------------------------------------------------------
---------------------------------------------------------------------------------
Finished Final Netlist Cleanup
---------------------------------------------------------------------------------
---------------------------------------------------------------------------------
Finished IO Insertion : Time (s): cpu = 00:00:24 ; elapsed = 00:00:25 . Memory (MB): peak = 1353.805 ; gain = 981.449
---------------------------------------------------------------------------------

Report Check Netlist: 
+------+------------------+-------+---------+-------+------------------+
|      |Item              |Errors |Warnings |Status |Description       |
+------+------------------+-------+---------+-------+------------------+
|1     |multi_driven_nets |      0|        0|Passed |Multi driven nets |
+------+------------------+-------+---------+-------+------------------+
---------------------------------------------------------------------------------
Start Renaming Generated Instances
---------------------------------------------------------------------------------
---------------------------------------------------------------------------------
Finished Renaming Generated Instances : Time (s): cpu = 00:00:24 ; elapsed = 00:00:25 . Memory (MB): peak = 1353.805 ; gain = 981.449
---------------------------------------------------------------------------------

Report RTL Partitions: 
+-+--------------+------------+----------+
| |RTL Partition |Replication |Instances |
+-+--------------+------------+----------+
+-+--------------+------------+----------+
---------------------------------------------------------------------------------
Start Rebuilding User Hierarchy
---------------------------------------------------------------------------------
---------------------------------------------------------------------------------
Finished Rebuilding User Hierarchy : Time (s): cpu = 00:00:24 ; elapsed = 00:00:26 . Memory (MB): peak = 1353.805 ; gain = 981.449
---------------------------------------------------------------------------------
---------------------------------------------------------------------------------
Start Renaming Generated Ports
---------------------------------------------------------------------------------
---------------------------------------------------------------------------------
Finished Renaming Generated Ports : Time (s): cpu = 00:00:24 ; elapsed = 00:00:26 . Memory (MB): peak = 1353.805 ; gain = 981.449
---------------------------------------------------------------------------------
---------------------------------------------------------------------------------
Start Handling Custom Attributes
---------------------------------------------------------------------------------
---------------------------------------------------------------------------------
Finished Handling Custom Attributes : Time (s): cpu = 00:00:24 ; elapsed = 00:00:26 . Memory (MB): peak = 1353.805 ; gain = 981.449
---------------------------------------------------------------------------------
---------------------------------------------------------------------------------
Start Renaming Generated Nets
---------------------------------------------------------------------------------
---------------------------------------------------------------------------------
Finished Renaming Generated Nets : Time (s): cpu = 00:00:24 ; elapsed = 00:00:26 . Memory (MB): peak = 1353.805 ; gain = 981.449
---------------------------------------------------------------------------------
---------------------------------------------------------------------------------
Start ROM, RAM, DSP and Shift Register Reporting
---------------------------------------------------------------------------------

Static Shift Register Report:
+--------------------+----------------------------+--------+-------+--------------+--------------------+-------------------+--------+---------+
|Module Name         | RTL Name                   | Length | Width | Reset Signal | Pull out first Reg | Pull out last Reg | SRL16E | SRLC32E | 
+--------------------+----------------------------+--------+-------+--------------+--------------------+-------------------+--------+---------+
|top_ir_statemachine | ir_state_machine/EOx_reg   | 5      | 1     | NO           | NO                 | YES               | 1      | 0       | 
|top_ir_statemachine | ir_state_machine/HB_reg    | 5      | 1     | NO           | NO                 | YES               | 1      | 0       | 
|top_ir_statemachine | ir_state_machine/s_trg_reg | 5      | 1     | NO           | NO                 | YES               | 1      | 0       | 
+--------------------+----------------------------+--------+-------+--------------+--------------------+-------------------+--------+---------+

---------------------------------------------------------------------------------
Finished ROM, RAM, DSP and Shift Register Reporting
---------------------------------------------------------------------------------
---------------------------------------------------------------------------------
Start Writing Synthesis Report
---------------------------------------------------------------------------------

Report BlackBoxes: 
+------+--------------+----------+
|      |BlackBox name |Instances |
+------+--------------+----------+
|1     |ir_fifo       |         1|
+------+--------------+----------+

Report Cell Usage: 
+------+--------+------+
|      |Cell    |Count |
+------+--------+------+
|1     |ir_fifo |     1|
|2     |BUFG    |     1|
|3     |CARRY8  |    20|
|4     |LUT1    |     4|
|5     |LUT2    |   135|
|6     |LUT3    |    69|
|7     |LUT4    |   102|
|8     |LUT5    |   111|
|9     |LUT6    |   266|
|10    |MUXF7   |     1|
|11    |SRL16E  |     3|
|12    |FDCE    |   175|
|13    |FDRE    |   675|
|14    |FDSE    |     2|
|15    |LD      |     2|
|16    |IBUF    |   222|
|17    |OBUF    |    87|
|18    |OBUFT   |    28|
+------+--------+------+

Report Instance Areas: 
+------+---------------------------------+----------------+------+
|      |Instance                         |Module          |Cells |
+------+---------------------------------+----------------+------+
|1     |top                              |                |  1992|
|2     |  fifo_data_sync_with_valid_data |buffer_fifo     |   221|
|3     |  input_data_packer              |packer_ir2      |   417|
|4     |  ir_state_machine               |ir_statemachine |   647|
|5     |  rnd_data                       |prsg_tcr        |   121|
+------+---------------------------------+----------------+------+
---------------------------------------------------------------------------------
Finished Writing Synthesis Report : Time (s): cpu = 00:00:24 ; elapsed = 00:00:26 . Memory (MB): peak = 1353.805 ; gain = 981.449
---------------------------------------------------------------------------------
Synthesis finished with 0 errors, 0 critical warnings and 184 warnings.
Synthesis Optimization Runtime : Time (s): cpu = 00:00:15 ; elapsed = 00:00:20 . Memory (MB): peak = 1353.805 ; gain = 356.016
Synthesis Optimization Complete : Time (s): cpu = 00:00:24 ; elapsed = 00:00:26 . Memory (MB): peak = 1353.805 ; gain = 981.449
INFO: [Project 1-571] Translating synthesized netlist
INFO: [Netlist 29-17] Analyzing 246 Unisim elements for replacement
INFO: [Netlist 29-28] Unisim Transformation completed in 0 CPU seconds
INFO: [Project 1-570] Preparing netlist for logic optimization
INFO: [Opt 31-138] Pushed 0 inverter(s) to 0 load pin(s).
Netlist sorting complete. Time (s): cpu = 00:00:00 ; elapsed = 00:00:00.001 . Memory (MB): peak = 1370.828 ; gain = 0.000
INFO: [Project 1-111] Unisim Transformation Summary:
  A total of 225 instances were transformed.
  BUFG => BUFGCE: 1 instances
  IBUF => IBUF (IBUFCTRL, INBUF): 222 instances
  LD => LDCE: 2 instances

INFO: [Common 17-83] Releasing license: Synthesis
205 Infos, 130 Warnings, 0 Critical Warnings and 0 Errors encountered.
synth_design completed successfully
synth_design: Time (s): cpu = 00:00:27 ; elapsed = 00:00:30 . Memory (MB): peak = 1370.828 ; gain = 998.473
Netlist sorting complete. Time (s): cpu = 00:00:00 ; elapsed = 00:00:00.001 . Memory (MB): peak = 1370.828 ; gain = 0.000
WARNING: [Constraints 18-5210] No constraints selected for write.
Resolution: This message can indicate that there are no constraints for the design, or it can indicate that the used_in flags are set such that the constraints are ignored. This later case is used when running synth_design to not write synthesis constraints to the resulting checkpoint. Instead, project constraints are read when the synthesized design is opened.
INFO: [Common 17-1381] The checkpoint 'C:/Users/Simone Ragoni/alice/InteractionRecord/InteractionRecord/IR.runs/synth_1/top_ir_statemachine.dcp' has been generated.
INFO: [runtcl-4] Executing : report_utilization -file top_ir_statemachine_utilization_synth.rpt -pb top_ir_statemachine_utilization_synth.pb
INFO: [Common 17-206] Exiting Vivado at Tue Feb  1 08:13:18 2022...
