# do {IR_tb_elaborate.do}
# QuestaSim-64 vopt 10.6c Compiler 2017.07 Jul 26 2017
# Start time: 14:15:01 on Dec 13,2021
# vopt "+acc=npr" -L fifo_generator_v13_2_3 -L xil_defaultlib -L unisims_ver -L unimacro_ver -L secureip -L xpm -work xil_defaultlib xil_defaultlib.IR_tb xil_defaultlib.glbl -o IR_tb_opt 
# 
# Top level modules:
# 	IR_tb
# 	glbl
# 
# Analyzing design...
# -- Loading package STANDARD
# -- Loading package TEXTIO
# -- Loading package std_logic_1164
# -- Loading package NUMERIC_STD
# -- Loading package ATTRIBUTES
# -- Loading package std_logic_misc
# -- Loading package std_logic_textio
# -- Loading entity IR_tb
# -- Loading architecture Behavioral of IR_tb
# -- Loading package std_logic_arith
# -- Loading package STD_LOGIC_UNSIGNED
# -- Loading entity top_ir_statemachine
# -- Loading architecture Behavioral of top_ir_statemachine
# -- Loading entity prsg_tcr
# -- Loading entity packer_ir2
# -- Loading package vl_types
# -- Loading entity ir_fifo
# -- Loading entity buffer_fifo
# -- Loading entity ir_statemachine
# -- Loading architecture Behavioral of prsg_tcr
# -- Loading architecture Behavioral of packer_ir2
# -- Loading module ir_fifo
# -- Loading architecture Behavioral of buffer_fifo
# -- Loading architecture rtl of ir_statemachine
# -- Loading module glbl
# -- Loading architecture FIFO18E2_V of FIFO18E2
# -- Loading package body VPKG
# -- Loading architecture FIFO36E2_V of FIFO36E2
# -- Loading architecture FIFO18E1_V of FIFO18E1
# -- Loading entity FF18_INTERNAL_VHDL
# -- Loading architecture FF18_INTERNAL_VHDL_V of FF18_INTERNAL_VHDL
# -- Loading architecture FIFO36E1_V of FIFO36E1
# -- Loading entity FF36_INTERNAL_VHDL
# -- Loading architecture FF36_INTERNAL_VHDL_V of FF36_INTERNAL_VHDL
# Incremental compilation check found 30 design-units (out of 33) may be reused.
# Optimizing 3 design-units (inlining 1/3 module instances, 0/114 architecture instances):
# -- Optimizing architecture Behavioral of top_ir_statemachine
# -- Optimizing architecture Behavioral of IR_tb
# -- Optimizing architecture Behavioral of buffer_fifo
# Optimized design name is IR_tb_opt
# End time: 14:15:02 on Dec 13,2021, Elapsed time: 0:00:01
# Errors: 0, Warnings: 0
